<?xml version="1.0" encoding="UTF-8"?>
<!-- Generated by org.testng.reporters.JUnitReportReporter -->
<testsuite hostname="SAI" failures="0" tests="1" name="firstpackage.TC_RF_008_POM" time="5.862" errors="0" timestamp="2025-02-08T14:17:54 IST" skipped="0">
  <testcase classname="firstpackage.TC_RF_008_POM" name="testfunction" time="5.862"/>
</testsuite> <!-- firstpackage.TC_RF_008_POM -->
