<?xml version="1.0" encoding="UTF-8"?>
<!-- Generated by org.testng.reporters.JUnitReportReporter -->
<testsuite hostname="SAI" failures="0" tests="1" name="firstpackage.TC_RF_003" time="11.720" errors="0" timestamp="2024-12-30T15:48:45 IST" skipped="0">
  <testcase classname="firstpackage.TC_RF_003" name="RegisterVerify" time="11.720"/>
</testsuite> <!-- firstpackage.TC_RF_003 -->
