<?xml version="1.0" encoding="UTF-8"?>
<!-- Generated by org.testng.reporters.JUnitReportReporter -->
<testsuite hostname="SAI" failures="0" tests="1" name="firstpackage.TC_RF_001" time="8.025" errors="0" timestamp="2025-01-06T23:22:34 IST" skipped="0">
  <testcase classname="firstpackage.TC_RF_001" name="RegisterVerify" time="8.025"/>
</testsuite> <!-- firstpackage.TC_RF_001 -->
