<?xml version="1.0" encoding="UTF-8"?>
<!-- Generated by org.testng.reporters.JUnitReportReporter -->
<testsuite hostname="SAI" failures="0" tests="1" name="firstpackage.API_TC_GET" time="4.008" errors="0" timestamp="2025-02-09T15:52:05 IST" skipped="0">
  <testcase classname="firstpackage.API_TC_GET" name="getUser" time="4.008"/>
</testsuite> <!-- firstpackage.API_TC_GET -->
