<?xml version="1.0" encoding="UTF-8"?>
<!-- Generated by org.testng.reporters.JUnitReportReporter -->
<testsuite hostname="SAI" failures="0" tests="1" name="firstpackage.TC_RF_012" time="5.639" errors="0" timestamp="2025-01-05T22:51:18 IST" skipped="0">
  <testcase classname="firstpackage.TC_RF_012" name="emailWrong" time="5.639"/>
</testsuite> <!-- firstpackage.TC_RF_012 -->
