<?xml version="1.0" encoding="UTF-8"?>
<!-- Generated by org.testng.reporters.JUnitReportReporter -->
<testsuite hostname="SAI" failures="0" tests="1" name="firstpackage.TC_RF_004Test" time="5.871" errors="0" timestamp="2024-12-30T23:06:10 IST" skipped="0">
  <testcase classname="firstpackage.TC_RF_004Test" name="NullRegister" time="5.871"/>
</testsuite> <!-- firstpackage.TC_RF_004Test -->
