<?xml version="1.0" encoding="UTF-8"?>
<!-- Generated by org.testng.reporters.JUnitReportReporter -->
<testsuite hostname="SAI" failures="0" tests="1" name="firstpackage.API_TC_POST" time="3.957" errors="0" timestamp="2025-02-09T15:53:45 IST" skipped="0">
  <testcase classname="firstpackage.API_TC_POST" name="postUser" time="3.957"/>
</testsuite> <!-- firstpackage.API_TC_POST -->
