<?xml version="1.0" encoding="UTF-8"?>
<!-- Generated by org.testng.reporters.JUnitReportReporter -->
<testsuite hostname="SAI" failures="0" tests="2" name="firstpackage.prac" time="7.050" errors="0" timestamp="2025-02-11T21:56:54 IST" skipped="0">
  <testcase classname="firstpackage.prac" name="update" time="2.059"/>
  <testcase classname="firstpackage.prac" name="post" time="4.991"/>
</testsuite> <!-- firstpackage.prac -->
