<?xml version="1.0" encoding="UTF-8"?>
<!-- Generated by org.testng.reporters.JUnitReportReporter -->
<testsuite hostname="SAI" failures="0" tests="2" name="firstpackage.API_TC_postlocal" time="15.985" errors="0" timestamp="2025-02-10T23:29:17 IST" skipped="0">
  <testcase classname="firstpackage.API_TC_postlocal" name="updatedata" time="6.244"/>
  <testcase classname="firstpackage.API_TC_postlocal" name="postdata" time="9.741"/>
</testsuite> <!-- firstpackage.API_TC_postlocal -->
