<?xml version="1.0" encoding="UTF-8"?>
<!-- Generated by org.testng.reporters.JUnitReportReporter -->
<testsuite hostname="SAI" failures="0" tests="6" name="firstpackage.TC_RF_007" time="4.910" errors="0" timestamp="2025-01-04T00:00:11 IST" skipped="0">
  <testcase classname="firstpackage.TC_RF_007" name="RegisterWays" time="2.168"/>
  <testcase classname="firstpackage.TC_RF_007" name="assertOne" time="0.816"/>
  <testcase classname="firstpackage.TC_RF_007" name="assertTwo" time="0.521"/>
  <testcase classname="firstpackage.TC_RF_007" name="assetThree" time="0.461"/>
  <testcase classname="firstpackage.TC_RF_007" name="assertFour" time="0.510"/>
  <testcase classname="firstpackage.TC_RF_007" name="assertFive" time="0.434"/>
</testsuite> <!-- firstpackage.TC_RF_007 -->
