<?xml version="1.0" encoding="UTF-8"?>
<!-- Generated by org.testng.reporters.JUnitReportReporter -->
<testsuite hostname="SAI" failures="0" tests="1" name="firstpackage.TC_RF_004" time="6.515" errors="0" timestamp="2024-12-30T23:23:38 IST" skipped="0">
  <testcase classname="firstpackage.TC_RF_004" name="NullRegister" time="6.515"/>
</testsuite> <!-- firstpackage.TC_RF_004 -->
