<?xml version="1.0" encoding="UTF-8"?>
<!-- Generated by org.testng.reporters.JUnitReportReporter -->
<testsuite hostname="SAI" failures="0" tests="3" name="firstpackage.pratice" time="4.579" errors="0" timestamp="2025-02-09T22:15:37 IST" skipped="0">
  <testcase classname="firstpackage.pratice" name="postUser" time="3.351"/>
  <testcase classname="firstpackage.pratice" name="updateUser" time="0.669"/>
  <testcase classname="firstpackage.pratice" name="delete" time="0.559"/>
</testsuite> <!-- firstpackage.pratice -->
