<?xml version="1.0" encoding="UTF-8"?>
<!-- Generated by org.testng.reporters.JUnitReportReporter -->
<testsuite hostname="SAI" failures="0" tests="1" name="firstpackage.TC_001_POM" time="8.098" errors="0" timestamp="2025-01-06T23:17:22 IST" skipped="0">
  <testcase classname="firstpackage.TC_001_POM" name="RegisterVerify" time="8.098"/>
</testsuite> <!-- firstpackage.TC_001_POM -->
