<?xml version="1.0" encoding="UTF-8"?>
<!-- Generated by org.testng.reporters.JUnitReportReporter -->
<testsuite hostname="SAI" failures="0" tests="1" name="firstpackage.TC_RF_006" time="7.479" errors="0" timestamp="2025-01-06T23:20:45 IST" skipped="0">
  <testcase classname="firstpackage.TC_RF_006" name="verifyRegister" time="7.479"/>
</testsuite> <!-- firstpackage.TC_RF_006 -->
