<?xml version="1.0" encoding="UTF-8"?>
<!-- Generated by org.testng.reporters.JUnitReportReporter -->
<testsuite hostname="SAI" failures="0" tests="1" name="firstpackage.TC_RF_12" time="14.012" errors="0" timestamp="2025-02-02T11:11:56 IST" skipped="0">
  <testcase classname="firstpackage.TC_RF_12" name="Tab" time="14.012"/>
</testsuite> <!-- firstpackage.TC_RF_12 -->
