<?xml version="1.0" encoding="UTF-8"?>
<!-- Generated by org.testng.reporters.JUnitReportReporter -->
<testsuite hostname="SAI" failures="0" tests="1" name="firstpackage.PostTypes" time="3.313" errors="0" timestamp="2025-02-12T23:26:33 IST" skipped="0">
  <testcase classname="firstpackage.PostTypes" name="post" time="3.313"/>
</testsuite> <!-- firstpackage.PostTypes -->
