<?xml version="1.0" encoding="UTF-8"?>
<!-- Generated by org.testng.reporters.JUnitReportReporter -->
<testsuite hostname="SAI" failures="0" tests="4" name="firstpackage.API_TC_01" time="7.378" errors="0" timestamp="2025-02-09T15:52:39 IST" skipped="0">
  <testcase classname="firstpackage.API_TC_01" name="getUser" time="4.432"/>
  <testcase classname="firstpackage.API_TC_01" name="postUser" time="1.317"/>
  <testcase classname="firstpackage.API_TC_01" name="getid" time="0.854"/>
  <testcase classname="firstpackage.API_TC_01" name="updateData" time="0.775"/>
</testsuite> <!-- firstpackage.API_TC_01 -->
