<?xml version="1.0" encoding="UTF-8"?>
<!-- Generated by org.testng.reporters.JUnitReportReporter -->
<testsuite hostname="SAI" failures="0" tests="1" name="firstpackage.TC_RF_18" time="6.216" errors="0" timestamp="2025-02-02T21:21:29 IST" skipped="0">
  <testcase classname="firstpackage.TC_RF_18" name="RegisterVerify" time="6.216"/>
</testsuite> <!-- firstpackage.TC_RF_18 -->
