<?xml version="1.0" encoding="UTF-8"?>
<!-- Generated by org.testng.reporters.JUnitReportReporter -->
<testsuite hostname="SAI" failures="0" tests="3" name="firstpackage.API_TC_UPDATE" time="6.173" errors="0" timestamp="2025-02-09T22:00:22 IST" skipped="0">
  <testcase classname="firstpackage.API_TC_UPDATE" name="postUser" time="4.380"/>
  <testcase classname="firstpackage.API_TC_UPDATE" name="updateData" time="1.105"/>
  <testcase classname="firstpackage.API_TC_UPDATE" name="delete" time="0.688"/>
</testsuite> <!-- firstpackage.API_TC_UPDATE -->
